2018-05-22 09:45:26.220  INFO 11538 --- [main] com.edu.seu.BtSearchApplication          : Starting BtSearchApplication on MindComputer with PID 11538 (/home/mind/project/intellijProject/bt-search/target/classes started by mind in /home/mind/project/intellijProject/bt-search)
2018-05-22 09:45:26.225  INFO 11538 --- [main] com.edu.seu.BtSearchApplication          : No active profile set, falling back to default profiles: default
2018-05-22 09:45:26.274  INFO 11538 --- [main] ConfigServletWebServerApplicationContext : Refreshing org.springframework.boot.web.servlet.context.AnnotationConfigServletWebServerApplicationContext@a514af7: startup date [Tue May 22 09:45:26 CST 2018]; root of context hierarchy
2018-05-22 09:45:27.007  INFO 11538 --- [main] o.s.b.w.embedded.tomcat.TomcatWebServer  : Tomcat initialized with port(s): 8090 (http)
2018-05-22 09:45:27.024  INFO 11538 --- [main] o.apache.catalina.core.StandardService   : Starting service [Tomcat]
2018-05-22 09:45:27.024  INFO 11538 --- [main] org.apache.catalina.core.StandardEngine  : Starting Servlet Engine: Apache Tomcat/8.5.31
2018-05-22 09:45:27.027  INFO 11538 --- [localhost-startStop-1] o.a.catalina.core.AprLifecycleListener   : The APR based Apache Tomcat Native library which allows optimal performance in production environments was not found on the java.library.path: [/usr/java/packages/lib/amd64:/usr/lib/x86_64-linux-gnu/jni:/lib/x86_64-linux-gnu:/usr/lib/x86_64-linux-gnu:/usr/lib/jni:/lib:/usr/lib]
2018-05-22 09:45:27.074  INFO 11538 --- [localhost-startStop-1] o.a.c.c.C.[Tomcat].[localhost].[/]       : Initializing Spring embedded WebApplicationContext
2018-05-22 09:45:27.075  INFO 11538 --- [localhost-startStop-1] o.s.web.context.ContextLoader            : Root WebApplicationContext: initialization completed in 801 ms
2018-05-22 09:45:27.164  INFO 11538 --- [localhost-startStop-1] o.s.b.w.servlet.ServletRegistrationBean  : Servlet dispatcherServlet mapped to [/]
2018-05-22 09:45:27.168  INFO 11538 --- [localhost-startStop-1] o.s.b.w.servlet.FilterRegistrationBean   : Mapping filter: 'characterEncodingFilter' to: [/*]
2018-05-22 09:45:27.168  INFO 11538 --- [localhost-startStop-1] o.s.b.w.servlet.FilterRegistrationBean   : Mapping filter: 'hiddenHttpMethodFilter' to: [/*]
2018-05-22 09:45:27.168  INFO 11538 --- [localhost-startStop-1] o.s.b.w.servlet.FilterRegistrationBean   : Mapping filter: 'httpPutFormContentFilter' to: [/*]
2018-05-22 09:45:27.169  INFO 11538 --- [localhost-startStop-1] o.s.b.w.servlet.FilterRegistrationBean   : Mapping filter: 'requestContextFilter' to: [/*]
2018-05-22 09:45:27.261  INFO 11538 --- [main] o.s.w.s.handler.SimpleUrlHandlerMapping  : Mapped URL path [/**/favicon.ico] onto handler of type [class org.springframework.web.servlet.resource.ResourceHttpRequestHandler]
2018-05-22 09:45:27.396  INFO 11538 --- [main] s.w.s.m.m.a.RequestMappingHandlerAdapter : Looking for @ControllerAdvice: org.springframework.boot.web.servlet.context.AnnotationConfigServletWebServerApplicationContext@a514af7: startup date [Tue May 22 09:45:26 CST 2018]; root of context hierarchy
2018-05-22 09:45:27.432  INFO 11538 --- [main] s.w.s.m.m.a.RequestMappingHandlerMapping : Mapped "{[/error],produces=[text/html]}" onto public org.springframework.web.servlet.ModelAndView org.springframework.boot.autoconfigure.web.servlet.error.BasicErrorController.errorHtml(javax.servlet.http.HttpServletRequest,javax.servlet.http.HttpServletResponse)
2018-05-22 09:45:27.434  INFO 11538 --- [main] s.w.s.m.m.a.RequestMappingHandlerMapping : Mapped "{[/error]}" onto public org.springframework.http.ResponseEntity<java.util.Map<java.lang.String, java.lang.Object>> org.springframework.boot.autoconfigure.web.servlet.error.BasicErrorController.error(javax.servlet.http.HttpServletRequest)
2018-05-22 09:45:27.455  INFO 11538 --- [main] o.s.w.s.handler.SimpleUrlHandlerMapping  : Mapped URL path [/webjars/**] onto handler of type [class org.springframework.web.servlet.resource.ResourceHttpRequestHandler]
2018-05-22 09:45:27.455  INFO 11538 --- [main] o.s.w.s.handler.SimpleUrlHandlerMapping  : Mapped URL path [/**] onto handler of type [class org.springframework.web.servlet.resource.ResourceHttpRequestHandler]
2018-05-22 09:45:27.487  INFO 11538 --- [main] o.s.b.a.w.s.WelcomePageHandlerMapping    : Adding welcome page: class path resource [static/index.html]
2018-05-22 09:45:27.553  INFO 11538 --- [main] o.s.j.e.a.AnnotationMBeanExporter        : Registering beans for JMX exposure on startup
2018-05-22 09:45:27.575  INFO 11538 --- [main] o.s.b.w.embedded.tomcat.TomcatWebServer  : Tomcat started on port(s): 8090 (http) with context path ''
2018-05-22 09:45:27.578  INFO 11538 --- [main] com.edu.seu.BtSearchApplication          : Started BtSearchApplication in 1.715 seconds (JVM running for 2.189)
2018-05-22 09:45:27.628  INFO 11538 --- [nioEventLoopGroup-0-0] com.edu.seu.BHTServer.DhtServerHandler   : DhtServerHandler.channelActive
2018-05-22 09:45:33.339  INFO 11538 --- [nioEventLoopGroup-0-0] com.edu.seu.BHTServer.DhtServerHandler   : DhtServerHandler.messageReceived
2018-05-22 09:45:33.340  INFO 11538 --- [nioEventLoopGroup-0-0] com.edu.seu.BHTServer.DhtServerHandler   : /127.0.0.1:463691-收到消息,发送者:send something from client,未解码消息内容:{}
2018-05-22 09:45:53.274  INFO 11538 --- [nioEventLoopGroup-0-0] com.edu.seu.BHTServer.DhtServerHandler   : DhtServerHandler.messageReceived
2018-05-22 09:45:53.274  INFO 11538 --- [nioEventLoopGroup-0-0] com.edu.seu.BHTServer.DhtServerHandler   : /127.0.0.1:513341-收到消息,发送者:send something from client,未解码消息内容:{}
2018-05-22 09:46:18.157  INFO 11538 --- [nioEventLoopGroup-0-0] com.edu.seu.BHTServer.DhtServerHandler   : DhtServerHandler.messageReceived
2018-05-22 09:46:18.158  INFO 11538 --- [nioEventLoopGroup-0-0] com.edu.seu.BHTServer.DhtServerHandler   : /127.0.0.1:398561-收到消息,发送者:send something from client,未解码消息内容:{}
2018-05-22 09:46:33.964  INFO 11538 --- [Thread-7] ConfigServletWebServerApplicationContext : Closing org.springframework.boot.web.servlet.context.AnnotationConfigServletWebServerApplicationContext@a514af7: startup date [Tue May 22 09:45:26 CST 2018]; root of context hierarchy
2018-05-22 09:46:33.966  INFO 11538 --- [Thread-7] o.s.j.e.a.AnnotationMBeanExporter        : Unregistering JMX-exposed beans on shutdown
2018-05-22 10:36:52.826  INFO 14592 --- [main] com.edu.seu.BtSearchApplication          : Starting BtSearchApplication on MindComputer with PID 14592 (/home/mind/project/intellijProject/bt-search/target/classes started by mind in /home/mind/project/intellijProject/bt-search)
2018-05-22 10:36:52.829  INFO 14592 --- [main] com.edu.seu.BtSearchApplication          : No active profile set, falling back to default profiles: default
2018-05-22 10:36:52.880  INFO 14592 --- [main] ConfigServletWebServerApplicationContext : Refreshing org.springframework.boot.web.servlet.context.AnnotationConfigServletWebServerApplicationContext@a514af7: startup date [Tue May 22 10:36:52 CST 2018]; root of context hierarchy
2018-05-22 10:36:53.612  INFO 14592 --- [main] o.s.b.w.embedded.tomcat.TomcatWebServer  : Tomcat initialized with port(s): 8090 (http)
2018-05-22 10:36:53.629  INFO 14592 --- [main] o.apache.catalina.core.StandardService   : Starting service [Tomcat]
2018-05-22 10:36:53.629  INFO 14592 --- [main] org.apache.catalina.core.StandardEngine  : Starting Servlet Engine: Apache Tomcat/8.5.31
2018-05-22 10:36:53.632  INFO 14592 --- [localhost-startStop-1] o.a.catalina.core.AprLifecycleListener   : The APR based Apache Tomcat Native library which allows optimal performance in production environments was not found on the java.library.path: [/usr/java/packages/lib/amd64:/usr/lib/x86_64-linux-gnu/jni:/lib/x86_64-linux-gnu:/usr/lib/x86_64-linux-gnu:/usr/lib/jni:/lib:/usr/lib]
2018-05-22 10:36:53.675  INFO 14592 --- [localhost-startStop-1] o.a.c.c.C.[Tomcat].[localhost].[/]       : Initializing Spring embedded WebApplicationContext
2018-05-22 10:36:53.675  INFO 14592 --- [localhost-startStop-1] o.s.web.context.ContextLoader            : Root WebApplicationContext: initialization completed in 795 ms
2018-05-22 10:36:53.739  INFO 14592 --- [localhost-startStop-1] o.s.b.w.servlet.ServletRegistrationBean  : Servlet dispatcherServlet mapped to [/]
2018-05-22 10:36:53.742  INFO 14592 --- [localhost-startStop-1] o.s.b.w.servlet.FilterRegistrationBean   : Mapping filter: 'characterEncodingFilter' to: [/*]
2018-05-22 10:36:53.743  INFO 14592 --- [localhost-startStop-1] o.s.b.w.servlet.FilterRegistrationBean   : Mapping filter: 'hiddenHttpMethodFilter' to: [/*]
2018-05-22 10:36:53.743  INFO 14592 --- [localhost-startStop-1] o.s.b.w.servlet.FilterRegistrationBean   : Mapping filter: 'httpPutFormContentFilter' to: [/*]
2018-05-22 10:36:53.743  INFO 14592 --- [localhost-startStop-1] o.s.b.w.servlet.FilterRegistrationBean   : Mapping filter: 'requestContextFilter' to: [/*]
2018-05-22 10:36:53.824  INFO 14592 --- [main] o.s.w.s.handler.SimpleUrlHandlerMapping  : Mapped URL path [/**/favicon.ico] onto handler of type [class org.springframework.web.servlet.resource.ResourceHttpRequestHandler]
2018-05-22 10:36:53.946  INFO 14592 --- [main] s.w.s.m.m.a.RequestMappingHandlerAdapter : Looking for @ControllerAdvice: org.springframework.boot.web.servlet.context.AnnotationConfigServletWebServerApplicationContext@a514af7: startup date [Tue May 22 10:36:52 CST 2018]; root of context hierarchy
2018-05-22 10:36:53.981  INFO 14592 --- [main] s.w.s.m.m.a.RequestMappingHandlerMapping : Mapped "{[/error],produces=[text/html]}" onto public org.springframework.web.servlet.ModelAndView org.springframework.boot.autoconfigure.web.servlet.error.BasicErrorController.errorHtml(javax.servlet.http.HttpServletRequest,javax.servlet.http.HttpServletResponse)
2018-05-22 10:36:53.982  INFO 14592 --- [main] s.w.s.m.m.a.RequestMappingHandlerMapping : Mapped "{[/error]}" onto public org.springframework.http.ResponseEntity<java.util.Map<java.lang.String, java.lang.Object>> org.springframework.boot.autoconfigure.web.servlet.error.BasicErrorController.error(javax.servlet.http.HttpServletRequest)
2018-05-22 10:36:53.997  INFO 14592 --- [main] o.s.w.s.handler.SimpleUrlHandlerMapping  : Mapped URL path [/webjars/**] onto handler of type [class org.springframework.web.servlet.resource.ResourceHttpRequestHandler]
2018-05-22 10:36:53.997  INFO 14592 --- [main] o.s.w.s.handler.SimpleUrlHandlerMapping  : Mapped URL path [/**] onto handler of type [class org.springframework.web.servlet.resource.ResourceHttpRequestHandler]
2018-05-22 10:36:54.021  INFO 14592 --- [main] o.s.b.a.w.s.WelcomePageHandlerMapping    : Adding welcome page: class path resource [static/index.html]
2018-05-22 10:36:54.080  INFO 14592 --- [main] o.s.j.e.a.AnnotationMBeanExporter        : Registering beans for JMX exposure on startup
2018-05-22 10:36:54.101  INFO 14592 --- [main] o.s.b.w.embedded.tomcat.TomcatWebServer  : Tomcat started on port(s): 8090 (http) with context path ''
2018-05-22 10:36:54.104  INFO 14592 --- [main] com.edu.seu.BtSearchApplication          : Started BtSearchApplication in 1.589 seconds (JVM running for 2.041)
2018-05-22 10:36:54.153  INFO 14592 --- [nioEventLoopGroup-0-0] com.edu.seu.BHTServer.DhtServerHandler   : DhtServerHandler.channelActive
2018-05-22 10:36:57.830  INFO 14592 --- [nioEventLoopGroup-0-0] com.edu.seu.BHTServer.DhtServerHandler   : DhtServerHandler.messageReceived
2018-05-22 10:36:57.831  INFO 14592 --- [nioEventLoopGroup-0-0] com.edu.seu.BHTServer.DhtServerHandler   : /127.0.0.1:400681-收到消息,发送者:send something from client,未解码消息内容:{}
2018-05-22 10:44:18.452  INFO 14592 --- [Thread-6] ConfigServletWebServerApplicationContext : Closing org.springframework.boot.web.servlet.context.AnnotationConfigServletWebServerApplicationContext@a514af7: startup date [Tue May 22 10:36:52 CST 2018]; root of context hierarchy
2018-05-22 10:44:18.454  INFO 14592 --- [Thread-6] o.s.j.e.a.AnnotationMBeanExporter        : Unregistering JMX-exposed beans on shutdown
